<?xml version="1.0" encoding="UTF-8"?>
<!-- Generated by org.testng.reporters.JUnitReportReporter -->
<testsuite hostname="baaeddeeedfdbeebbfdecfeffbfaeafb-0" failures="0" tests="4" name="runner.TestRunner" time="29.059" errors="0" timestamp="2025-02-28T11:24:51 UTC" skipped="0">
  <testcase classname="runner.TestRunner" name="caseOne" time="10.345"/>
  <testcase classname="runner.TestRunner" name="caseTwo" time="8.130"/>
  <testcase classname="runner.TestRunner" name="caseThree" time="7.049"/>
  <testcase classname="runner.TestRunner" name="caseFour" time="3.535"/>
</testsuite> <!-- runner.TestRunner -->
