<?xml version="1.0" encoding="UTF-8"?>
<!-- Generated by org.testng.reporters.JUnitReportReporter -->
<testsuite hostname="baaeddeeedfdbeebbfdecfeffbfaeafb-0" failures="0" tests="4" name="runner.TestRunner" time="26.181" errors="0" timestamp="2025-02-28T11:36:29 UTC" skipped="0">
  <testcase classname="runner.TestRunner" name="caseOne" time="9.472"/>
  <testcase classname="runner.TestRunner" name="caseTwo" time="7.040"/>
  <testcase classname="runner.TestRunner" name="caseThree" time="6.479"/>
  <testcase classname="runner.TestRunner" name="caseFour" time="3.190"/>
</testsuite> <!-- runner.TestRunner -->
